[2024-03-27 16:16:52] [info] Start Program:
Path:"D:\Facultate\OOP\Labs\Lab2\CarRental\x64\Debug\CarRental.exe"
Arguments:
Working directory: "D:\Facultate\OOP\Labs\Lab2\CarRental\"
Modules: Selected: D:\Facultate\OOP\Labs\Lab2\CarRental\x64\Debug\CarRental.exe Excluded: 
Sources: Selected: D:\Facultate\OOP\Labs\Lab2\CarRental Excluded: 
Log Level: Normal
Cover Children: 0
Aggregate by file: 1
Continue after C++ exception: 0
Optimized build support: 0
Export: Binary C:\Users\robib\AppData\Local\Temp\zdlmhvwa.znv 
Input coverage: 
Unified diff: 
Excluded line regular expressions: 
Substitute pdb source paths: 

[2024-03-27 16:16:52] [info] Module: D:\Facultate\OOP\Labs\Lab2\CarRental\x64\Debug\CarRental.exe is selected because it matches selected pattern: D:\Facultate\OOP\Labs\Lab2\CarRental\x64\Debug\CarRental.exe
[2024-03-27 16:16:52] [info] ----------------------------------------------------
[2024-03-27 16:16:52] [info] Coverage binary generated in file: C:\Users\robib\AppData\Local\Temp\zdlmhvwa.znv
[2024-03-27 16:16:52] [info] ----------------------------------------------------
